This file contains any messages produced by compilers while
running configure, to aid debugging if configure makes a mistake.

It was created by alsa-lib configure 1.1.6, which was
generated by GNU Autoconf 2.69.  Invocation command line was

  $ ./configure --prefix=/home/michaelwu/HD-DM-Linux-SDK-3.0.22.01/EtronSDK_Linux/eSPDI_source/util/alsa-lib-1.1.6/../../../eSPDI/alsa-release/arm/32-bits --host=arm-unknown-linux-gnueabi --target=arm-unknown-linux-gnueabi CC=/usr/bin/arm-linux-gnueabi-gcc

## --------- ##
## Platform. ##
## --------- ##

hostname = michaelwu
uname -m = x86_64
uname -r = 4.15.18
uname -s = Linux
uname -v = #2 SMP Wed Sep 5 16:59:31 CST 2018

/usr/bin/uname -p = unknown
/bin/uname -X     = unknown

/bin/arch              = unknown
/usr/bin/arch -k       = unknown
/usr/convex/getsysinfo = unknown
/usr/bin/hostinfo      = unknown
/bin/machine           = unknown
/usr/bin/oslevel       = unknown
/bin/universe          = unknown

PATH: /home/michaelwu/bin
PATH: /home/michaelwu/.local/bin
PATH: /usr/local/sbin
PATH: /usr/local/bin
PATH: /usr/sbin
PATH: /usr/bin
PATH: /sbin
PATH: /bin
PATH: /usr/games
PATH: /usr/local/games
PATH: /snap/bin


## ----------- ##
## Core tests. ##
## ----------- ##

configure:2490: checking build system type
configure:2504: result: x86_64-unknown-linux-gnu
configure:2524: checking host system type
configure:2537: result: arm-unknown-linux-gnueabi
configure:2573: checking for a BSD-compatible install
configure:2641: result: /usr/bin/install -c
configure:2652: checking whether build environment is sane
configure:2707: result: yes
configure:2766: checking for arm-unknown-linux-gnueabi-strip
configure:2796: result: no
configure:2806: checking for strip
configure:2822: found /usr/bin/strip
configure:2833: result: strip
configure:2858: checking for a thread-safe mkdir -p
configure:2897: result: /bin/mkdir -p
configure:2904: checking for gawk
configure:2934: result: no
configure:2904: checking for mawk
configure:2920: found /usr/bin/mawk
configure:2931: result: mawk
configure:2942: checking whether make sets $(MAKE)
configure:2964: result: yes
configure:3061: checking whether to enable maintainer-specific portions of Makefiles
configure:3070: result: yes
configure:3096: checking whether make supports nested variables
configure:3113: result: yes
configure:3136: checking for arm-unknown-linux-gnueabi-gcc
configure:3163: result: /usr/bin/arm-linux-gnueabi-gcc
configure:3432: checking for C compiler version
configure:3441: /usr/bin/arm-linux-gnueabi-gcc --version >&5
arm-linux-gnueabi-gcc (Ubuntu/Linaro 5.4.0-6ubuntu1~16.04.9) 5.4.0 20160609
Copyright (C) 2015 Free Software Foundation, Inc.
This is free software; see the source for copying conditions.  There is NO
warranty; not even for MERCHANTABILITY or FITNESS FOR A PARTICULAR PURPOSE.

configure:3452: $? = 0
configure:3441: /usr/bin/arm-linux-gnueabi-gcc -v >&5
Using built-in specs.
COLLECT_GCC=/usr/bin/arm-linux-gnueabi-gcc
COLLECT_LTO_WRAPPER=/usr/lib/gcc-cross/arm-linux-gnueabi/5/lto-wrapper
Target: arm-linux-gnueabi
Configured with: ../src/configure -v --with-pkgversion='Ubuntu/Linaro 5.4.0-6ubuntu1~16.04.9' --with-bugurl=file:///usr/share/doc/gcc-5/README.Bugs --enable-languages=c,ada,c++,java,go,d,fortran,objc,obj-c++ --prefix=/usr --program-suffix=-5 --enable-shared --enable-linker-build-id --libexecdir=/usr/lib --without-included-gettext --enable-threads=posix --libdir=/usr/lib --enable-nls --with-sysroot=/ --enable-clocale=gnu --enable-libstdcxx-debug --enable-libstdcxx-time=yes --with-default-libstdcxx-abi=new --enable-gnu-unique-object --disable-libitm --disable-libquadmath --enable-plugin --with-system-zlib --disable-browser-plugin --enable-java-awt=gtk --enable-gtk-cairo --with-java-home=/usr/lib/jvm/java-1.5.0-gcj-5-armel-cross/jre --enable-java-home --with-jvm-root-dir=/usr/lib/jvm/java-1.5.0-gcj-5-armel-cross --with-jvm-jar-dir=/usr/lib/jvm-exports/java-1.5.0-gcj-5-armel-cross --with-arch-directory=arm --with-ecj-jar=/usr/share/java/eclipse-ecj.jar --disable-libgcj --enable-objc-gc --enable-multiarch --enable-multilib --disable-sjlj-exceptions --with-arch=armv5t --with-float=soft --disable-werror --enable-multilib --enable-checking=release --build=x86_64-linux-gnu --host=x86_64-linux-gnu --target=arm-linux-gnueabi --program-prefix=arm-linux-gnueabi- --includedir=/usr/arm-linux-gnueabi/include
Thread model: posix
gcc version 5.4.0 20160609 (Ubuntu/Linaro 5.4.0-6ubuntu1~16.04.9) 
configure:3452: $? = 0
configure:3441: /usr/bin/arm-linux-gnueabi-gcc -V >&5
arm-linux-gnueabi-gcc: error: unrecognized command line option '-V'
arm-linux-gnueabi-gcc: fatal error: no input files
compilation terminated.
configure:3452: $? = 1
configure:3441: /usr/bin/arm-linux-gnueabi-gcc -qversion >&5
arm-linux-gnueabi-gcc: error: unrecognized command line option '-qversion'
arm-linux-gnueabi-gcc: fatal error: no input files
compilation terminated.
configure:3452: $? = 1
configure:3472: checking whether the C compiler works
configure:3494: /usr/bin/arm-linux-gnueabi-gcc    conftest.c  >&5
configure:3498: $? = 0
configure:3546: result: yes
configure:3549: checking for C compiler default output file name
configure:3551: result: a.out
configure:3557: checking for suffix of executables
configure:3564: /usr/bin/arm-linux-gnueabi-gcc -o conftest    conftest.c  >&5
configure:3568: $? = 0
configure:3590: result: 
configure:3612: checking whether we are cross compiling
configure:3620: /usr/bin/arm-linux-gnueabi-gcc -o conftest    conftest.c  >&5
configure:3624: $? = 0
configure:3631: ./conftest
./configure: line 3633: ./conftest: cannot execute binary file: Exec format error
configure:3635: $? = 126
configure:3650: result: yes
configure:3655: checking for suffix of object files
configure:3677: /usr/bin/arm-linux-gnueabi-gcc -c   conftest.c >&5
configure:3681: $? = 0
configure:3702: result: o
configure:3706: checking whether we are using the GNU C compiler
configure:3725: /usr/bin/arm-linux-gnueabi-gcc -c   conftest.c >&5
configure:3725: $? = 0
configure:3734: result: yes
configure:3743: checking whether /usr/bin/arm-linux-gnueabi-gcc accepts -g
configure:3763: /usr/bin/arm-linux-gnueabi-gcc -c -g  conftest.c >&5
configure:3763: $? = 0
configure:3804: result: yes
configure:3821: checking for /usr/bin/arm-linux-gnueabi-gcc option to accept ISO C89
configure:3884: /usr/bin/arm-linux-gnueabi-gcc  -c -g -O2  conftest.c >&5
configure:3884: $? = 0
configure:3897: result: none needed
configure:3928: checking for style of include used by make
configure:3956: result: GNU
configure:3982: checking dependency style of /usr/bin/arm-linux-gnueabi-gcc
configure:4093: result: gcc3
configure:4113: checking how to run the C preprocessor
configure:4144: /usr/bin/arm-linux-gnueabi-gcc -E  conftest.c
configure:4144: $? = 0
configure:4158: /usr/bin/arm-linux-gnueabi-gcc -E  conftest.c
conftest.c:11:28: fatal error: ac_nonexistent.h: No such file or directory
compilation terminated.
configure:4158: $? = 1
configure: failed program was:
| /* confdefs.h */
| #define PACKAGE_NAME "alsa-lib"
| #define PACKAGE_TARNAME "alsa-lib"
| #define PACKAGE_VERSION "1.1.6"
| #define PACKAGE_STRING "alsa-lib 1.1.6"
| #define PACKAGE_BUGREPORT ""
| #define PACKAGE_URL ""
| #define PACKAGE "alsa-lib"
| #define VERSION "1.1.6"
| /* end confdefs.h.  */
| #include <ac_nonexistent.h>
configure:4183: result: /usr/bin/arm-linux-gnueabi-gcc -E
configure:4203: /usr/bin/arm-linux-gnueabi-gcc -E  conftest.c
configure:4203: $? = 0
configure:4217: /usr/bin/arm-linux-gnueabi-gcc -E  conftest.c
conftest.c:11:28: fatal error: ac_nonexistent.h: No such file or directory
compilation terminated.
configure:4217: $? = 1
configure: failed program was:
| /* confdefs.h */
| #define PACKAGE_NAME "alsa-lib"
| #define PACKAGE_TARNAME "alsa-lib"
| #define PACKAGE_VERSION "1.1.6"
| #define PACKAGE_STRING "alsa-lib 1.1.6"
| #define PACKAGE_BUGREPORT ""
| #define PACKAGE_URL ""
| #define PACKAGE "alsa-lib"
| #define VERSION "1.1.6"
| /* end confdefs.h.  */
| #include <ac_nonexistent.h>
configure:4247: checking for grep that handles long lines and -e
configure:4305: result: /bin/grep
configure:4310: checking for egrep
configure:4372: result: /bin/grep -E
configure:4377: checking for ANSI C header files
configure:4397: /usr/bin/arm-linux-gnueabi-gcc -c -g -O2  conftest.c >&5
configure:4397: $? = 0
configure:4481: result: yes
configure:4494: checking for sys/types.h
configure:4494: /usr/bin/arm-linux-gnueabi-gcc -c -g -O2  conftest.c >&5
configure:4494: $? = 0
configure:4494: result: yes
configure:4494: checking for sys/stat.h
configure:4494: /usr/bin/arm-linux-gnueabi-gcc -c -g -O2  conftest.c >&5
configure:4494: $? = 0
configure:4494: result: yes
configure:4494: checking for stdlib.h
configure:4494: /usr/bin/arm-linux-gnueabi-gcc -c -g -O2  conftest.c >&5
configure:4494: $? = 0
configure:4494: result: yes
configure:4494: checking for string.h
configure:4494: /usr/bin/arm-linux-gnueabi-gcc -c -g -O2  conftest.c >&5
configure:4494: $? = 0
configure:4494: result: yes
configure:4494: checking for memory.h
configure:4494: /usr/bin/arm-linux-gnueabi-gcc -c -g -O2  conftest.c >&5
configure:4494: $? = 0
configure:4494: result: yes
configure:4494: checking for strings.h
configure:4494: /usr/bin/arm-linux-gnueabi-gcc -c -g -O2  conftest.c >&5
configure:4494: $? = 0
configure:4494: result: yes
configure:4494: checking for inttypes.h
configure:4494: /usr/bin/arm-linux-gnueabi-gcc -c -g -O2  conftest.c >&5
configure:4494: $? = 0
configure:4494: result: yes
configure:4494: checking for stdint.h
configure:4494: /usr/bin/arm-linux-gnueabi-gcc -c -g -O2  conftest.c >&5
configure:4494: $? = 0
configure:4494: result: yes
configure:4494: checking for unistd.h
configure:4494: /usr/bin/arm-linux-gnueabi-gcc -c -g -O2  conftest.c >&5
configure:4494: $? = 0
configure:4494: result: yes
configure:4507: checking minix/config.h usability
configure:4507: /usr/bin/arm-linux-gnueabi-gcc -c -g -O2  conftest.c >&5
conftest.c:54:26: fatal error: minix/config.h: No such file or directory
compilation terminated.
configure:4507: $? = 1
configure: failed program was:
| /* confdefs.h */
| #define PACKAGE_NAME "alsa-lib"
| #define PACKAGE_TARNAME "alsa-lib"
| #define PACKAGE_VERSION "1.1.6"
| #define PACKAGE_STRING "alsa-lib 1.1.6"
| #define PACKAGE_BUGREPORT ""
| #define PACKAGE_URL ""
| #define PACKAGE "alsa-lib"
| #define VERSION "1.1.6"
| #define STDC_HEADERS 1
| #define HAVE_SYS_TYPES_H 1
| #define HAVE_SYS_STAT_H 1
| #define HAVE_STDLIB_H 1
| #define HAVE_STRING_H 1
| #define HAVE_MEMORY_H 1
| #define HAVE_STRINGS_H 1
| #define HAVE_INTTYPES_H 1
| #define HAVE_STDINT_H 1
| #define HAVE_UNISTD_H 1
| /* end confdefs.h.  */
| #include <stdio.h>
| #ifdef HAVE_SYS_TYPES_H
| # include <sys/types.h>
| #endif
| #ifdef HAVE_SYS_STAT_H
| # include <sys/stat.h>
| #endif
| #ifdef STDC_HEADERS
| # include <stdlib.h>
| # include <stddef.h>
| #else
| # ifdef HAVE_STDLIB_H
| #  include <stdlib.h>
| # endif
| #endif
| #ifdef HAVE_STRING_H
| # if !defined STDC_HEADERS && defined HAVE_MEMORY_H
| #  include <memory.h>
| # endif
| # include <string.h>
| #endif
| #ifdef HAVE_STRINGS_H
| # include <strings.h>
| #endif
| #ifdef HAVE_INTTYPES_H
| # include <inttypes.h>
| #endif
| #ifdef HAVE_STDINT_H
| # include <stdint.h>
| #endif
| #ifdef HAVE_UNISTD_H
| # include <unistd.h>
| #endif
| #include <minix/config.h>
configure:4507: result: no
configure:4507: checking minix/config.h presence
configure:4507: /usr/bin/arm-linux-gnueabi-gcc -E  conftest.c
conftest.c:21:26: fatal error: minix/config.h: No such file or directory
compilation terminated.
configure:4507: $? = 1
configure: failed program was:
| /* confdefs.h */
| #define PACKAGE_NAME "alsa-lib"
| #define PACKAGE_TARNAME "alsa-lib"
| #define PACKAGE_VERSION "1.1.6"
| #define PACKAGE_STRING "alsa-lib 1.1.6"
| #define PACKAGE_BUGREPORT ""
| #define PACKAGE_URL ""
| #define PACKAGE "alsa-lib"
| #define VERSION "1.1.6"
| #define STDC_HEADERS 1
| #define HAVE_SYS_TYPES_H 1
| #define HAVE_SYS_STAT_H 1
| #define HAVE_STDLIB_H 1
| #define HAVE_STRING_H 1
| #define HAVE_MEMORY_H 1
| #define HAVE_STRINGS_H 1
| #define HAVE_INTTYPES_H 1
| #define HAVE_STDINT_H 1
| #define HAVE_UNISTD_H 1
| /* end confdefs.h.  */
| #include <minix/config.h>
configure:4507: result: no
configure:4507: checking for minix/config.h
configure:4507: result: no
configure:4528: checking whether it is safe to define __EXTENSIONS__
configure:4546: /usr/bin/arm-linux-gnueabi-gcc -c -g -O2  conftest.c >&5
configure:4546: $? = 0
configure:4553: result: yes
configure:4568: checking whether ln -s works
configure:4572: result: yes
configure:4660: checking how to print strings
configure:4687: result: printf
configure:4708: checking for a sed that does not truncate output
configure:4772: result: /bin/sed
configure:4790: checking for fgrep
configure:4852: result: /bin/grep -F
configure:4887: checking for ld used by /usr/bin/arm-linux-gnueabi-gcc
configure:4954: result: /usr/arm-linux-gnueabi/bin/ld
configure:4961: checking if the linker (/usr/arm-linux-gnueabi/bin/ld) is GNU ld
configure:4976: result: yes
configure:4988: checking for BSD- or MS-compatible name lister (nm)
configure:5037: result: no
configure:5051: checking for arm-unknown-linux-gnueabi-dumpbin
configure:5081: result: no
configure:5051: checking for arm-unknown-linux-gnueabi-link
configure:5081: result: no
configure:5095: checking for dumpbin
configure:5125: result: no
configure:5095: checking for link
configure:5111: found /usr/bin/link
configure:5122: result: link -dump
configure:5138: WARNING: using cross tools not prefixed with host triplet
configure:5167: checking the name lister (nm) interface
configure:5174: /usr/bin/arm-linux-gnueabi-gcc -c -g -O2  conftest.c >&5
configure:5177: nm "conftest.o"
configure:5180: output
00000000 b $d
00000000 B some_variable
configure:5187: result: BSD nm
configure:5191: checking the maximum length of command line arguments
configure:5321: result: 1572864
configure:5338: checking whether the shell understands some XSI constructs
configure:5348: result: yes
configure:5352: checking whether the shell understands "+="
configure:5358: result: yes
configure:5393: checking how to convert x86_64-unknown-linux-gnu file names to arm-unknown-linux-gnueabi format
configure:5433: result: func_convert_file_noop
configure:5440: checking how to convert x86_64-unknown-linux-gnu file names to toolchain format
configure:5460: result: func_convert_file_noop
configure:5467: checking for /usr/arm-linux-gnueabi/bin/ld option to reload object files
configure:5474: result: -r
configure:5508: checking for arm-unknown-linux-gnueabi-objdump
configure:5538: result: no
configure:5548: checking for objdump
configure:5564: found /usr/bin/objdump
configure:5575: result: objdump
configure:5607: checking how to recognize dependent libraries
configure:5809: result: pass_all
configure:5854: checking for arm-unknown-linux-gnueabi-dlltool
configure:5884: result: no
configure:5894: checking for dlltool
configure:5924: result: no
configure:5954: checking how to associate runtime and link libraries
configure:5981: result: printf %s\n
configure:5997: checking for arm-unknown-linux-gnueabi-ar
configure:6027: result: no
configure:6041: checking for ar
configure:6057: found /usr/bin/ar
configure:6068: result: ar
configure:6105: checking for archiver @FILE support
configure:6122: /usr/bin/arm-linux-gnueabi-gcc -c -g -O2  conftest.c >&5
configure:6122: $? = 0
configure:6125: ar cru libconftest.a @conftest.lst >&5
ar: `u' modifier ignored since `D' is the default (see `U')
configure:6128: $? = 0
configure:6133: ar cru libconftest.a @conftest.lst >&5
ar: `u' modifier ignored since `D' is the default (see `U')
ar: conftest.o: No such file or directory
configure:6136: $? = 1
configure:6148: result: @
configure:6166: checking for arm-unknown-linux-gnueabi-strip
configure:6193: result: strip
configure:6265: checking for arm-unknown-linux-gnueabi-ranlib
configure:6295: result: no
configure:6305: checking for ranlib
configure:6321: found /usr/bin/ranlib
configure:6332: result: ranlib
configure:6434: checking command to parse nm output from /usr/bin/arm-linux-gnueabi-gcc object
configure:6554: /usr/bin/arm-linux-gnueabi-gcc -c -g -O2  conftest.c >&5
configure:6557: $? = 0
configure:6561: nm conftest.o \| sed -n -e 's/^.*[ ]\([ABCDGIRSTW][ABCDGIRSTW]*\)[ ][ ]*\([_A-Za-z][_A-Za-z0-9]*\)$/\1 \2 \2/p' | sed '/ __gnu_lto/d' \> conftest.nm
configure:6564: $? = 0
configure:6630: /usr/bin/arm-linux-gnueabi-gcc -o conftest -g -O2   conftest.c conftstm.o >&5
configure:6633: $? = 0
configure:6671: result: ok
configure:6708: checking for sysroot
configure:6738: result: no
configure:6954: checking for arm-unknown-linux-gnueabi-mt
configure:6984: result: no
configure:6994: checking for mt
configure:7010: found /bin/mt
configure:7021: result: mt
configure:7044: checking if mt is a manifest tool
configure:7050: mt '-?'
configure:7058: result: no
configure:7697: checking for dlfcn.h
configure:7697: /usr/bin/arm-linux-gnueabi-gcc -c -g -O2  conftest.c >&5
configure:7697: $? = 0
configure:7697: result: yes
configure:7871: checking for objdir
configure:7886: result: .libs
configure:8153: checking if /usr/bin/arm-linux-gnueabi-gcc supports -fno-rtti -fno-exceptions
configure:8171: /usr/bin/arm-linux-gnueabi-gcc -c -g -O2  -fno-rtti -fno-exceptions conftest.c >&5
cc1: warning: command line option '-fno-rtti' is valid for C++/ObjC++ but not for C
configure:8175: $? = 0
configure:8188: result: no
configure:8515: checking for /usr/bin/arm-linux-gnueabi-gcc option to produce PIC
configure:8522: result: -fPIC -DPIC
configure:8530: checking if /usr/bin/arm-linux-gnueabi-gcc PIC flag -fPIC -DPIC works
configure:8548: /usr/bin/arm-linux-gnueabi-gcc -c -g -O2  -fPIC -DPIC -DPIC conftest.c >&5
configure:8552: $? = 0
configure:8565: result: yes
configure:8594: checking if /usr/bin/arm-linux-gnueabi-gcc static flag -static works
configure:8622: result: yes
configure:8637: checking if /usr/bin/arm-linux-gnueabi-gcc supports -c -o file.o
configure:8658: /usr/bin/arm-linux-gnueabi-gcc -c -g -O2  -o out/conftest2.o conftest.c >&5
configure:8662: $? = 0
configure:8684: result: yes
configure:8692: checking if /usr/bin/arm-linux-gnueabi-gcc supports -c -o file.o
configure:8739: result: yes
configure:8772: checking whether the /usr/bin/arm-linux-gnueabi-gcc linker (/usr/arm-linux-gnueabi/bin/ld) supports shared libraries
configure:9925: result: yes
configure:9962: checking whether -lc should be explicitly linked in
configure:9970: /usr/bin/arm-linux-gnueabi-gcc -c -g -O2  conftest.c >&5
configure:9973: $? = 0
configure:9988: /usr/bin/arm-linux-gnueabi-gcc -shared  -fPIC -DPIC conftest.o  -v -Wl,-soname -Wl,conftest -o conftest 2\>\&1 \| /bin/grep  -lc  \>/dev/null 2\>\&1
configure:9991: $? = 0
configure:10005: result: no
configure:10165: checking dynamic linker characteristics
configure:10676: /usr/bin/arm-linux-gnueabi-gcc -o conftest -g -O2   -Wl,-rpath -Wl,/foo conftest.c  >&5
configure:10676: $? = 0
configure:10902: result: GNU/Linux ld.so
configure:11009: checking how to hardcode library paths into programs
configure:11034: result: immediate
configure:11128: checking for shl_load
configure:11128: /usr/bin/arm-linux-gnueabi-gcc -o conftest -g -O2   conftest.c  >&5
/tmp/ccbeDgse.o: In function `main':
/home/michaelwu/HD-DM-Linux-SDK-3.0.22.01/EtronSDK_Linux/eSPDI_source/util/alsa-lib-1.1.6/conftest.c:62: undefined reference to `shl_load'
collect2: error: ld returned 1 exit status
configure:11128: $? = 1
configure: failed program was:
| /* confdefs.h */
| #define PACKAGE_NAME "alsa-lib"
| #define PACKAGE_TARNAME "alsa-lib"
| #define PACKAGE_VERSION "1.1.6"
| #define PACKAGE_STRING "alsa-lib 1.1.6"
| #define PACKAGE_BUGREPORT ""
| #define PACKAGE_URL ""
| #define PACKAGE "alsa-lib"
| #define VERSION "1.1.6"
| #define STDC_HEADERS 1
| #define HAVE_SYS_TYPES_H 1
| #define HAVE_SYS_STAT_H 1
| #define HAVE_STDLIB_H 1
| #define HAVE_STRING_H 1
| #define HAVE_MEMORY_H 1
| #define HAVE_STRINGS_H 1
| #define HAVE_INTTYPES_H 1
| #define HAVE_STDINT_H 1
| #define HAVE_UNISTD_H 1
| #define __EXTENSIONS__ 1
| #define _ALL_SOURCE 1
| #define _GNU_SOURCE 1
| #define _POSIX_PTHREAD_SEMANTICS 1
| #define _TANDEM_SOURCE 1
| #define HAVE_DLFCN_H 1
| #define LT_OBJDIR ".libs/"
| /* end confdefs.h.  */
| /* Define shl_load to an innocuous variant, in case <limits.h> declares shl_load.
|    For example, HP-UX 11i <limits.h> declares gettimeofday.  */
| #define shl_load innocuous_shl_load
| 
| /* System header to define __stub macros and hopefully few prototypes,
|     which can conflict with char shl_load (); below.
|     Prefer <limits.h> to <assert.h> if __STDC__ is defined, since
|     <limits.h> exists even on freestanding compilers.  */
| 
| #ifdef __STDC__
| # include <limits.h>
| #else
| # include <assert.h>
| #endif
| 
| #undef shl_load
| 
| /* Override any GCC internal prototype to avoid an error.
|    Use char because int might match the return type of a GCC
|    builtin and then its argument prototype would still apply.  */
| #ifdef __cplusplus
| extern "C"
| #endif
| char shl_load ();
| /* The GNU C library defines this for functions which it implements
|     to always fail with ENOSYS.  Some functions are actually named
|     something starting with __ and the normal name is an alias.  */
| #if defined __stub_shl_load || defined __stub___shl_load
| choke me
| #endif
| 
| int
| main ()
| {
| return shl_load ();
|   ;
|   return 0;
| }
configure:11128: result: no
configure:11132: checking for shl_load in -ldld
configure:11157: /usr/bin/arm-linux-gnueabi-gcc -o conftest -g -O2   conftest.c -ldld   >&5
/usr/lib/gcc-cross/arm-linux-gnueabi/5/../../../../arm-linux-gnueabi/bin/ld: cannot find -ldld
collect2: error: ld returned 1 exit status
configure:11157: $? = 1
configure: failed program was:
| /* confdefs.h */
| #define PACKAGE_NAME "alsa-lib"
| #define PACKAGE_TARNAME "alsa-lib"
| #define PACKAGE_VERSION "1.1.6"
| #define PACKAGE_STRING "alsa-lib 1.1.6"
| #define PACKAGE_BUGREPORT ""
| #define PACKAGE_URL ""
| #define PACKAGE "alsa-lib"
| #define VERSION "1.1.6"
| #define STDC_HEADERS 1
| #define HAVE_SYS_TYPES_H 1
| #define HAVE_SYS_STAT_H 1
| #define HAVE_STDLIB_H 1
| #define HAVE_STRING_H 1
| #define HAVE_MEMORY_H 1
| #define HAVE_STRINGS_H 1
| #define HAVE_INTTYPES_H 1
| #define HAVE_STDINT_H 1
| #define HAVE_UNISTD_H 1
| #define __EXTENSIONS__ 1
| #define _ALL_SOURCE 1
| #define _GNU_SOURCE 1
| #define _POSIX_PTHREAD_SEMANTICS 1
| #define _TANDEM_SOURCE 1
| #define HAVE_DLFCN_H 1
| #define LT_OBJDIR ".libs/"
| /* end confdefs.h.  */
| 
| /* Override any GCC internal prototype to avoid an error.
|    Use char because int might match the return type of a GCC
|    builtin and then its argument prototype would still apply.  */
| #ifdef __cplusplus
| extern "C"
| #endif
| char shl_load ();
| int
| main ()
| {
| return shl_load ();
|   ;
|   return 0;
| }
configure:11166: result: no
configure:11171: checking for dlopen
configure:11171: /usr/bin/arm-linux-gnueabi-gcc -o conftest -g -O2   conftest.c  >&5
/tmp/cc8MpTOk.o: In function `main':
/home/michaelwu/HD-DM-Linux-SDK-3.0.22.01/EtronSDK_Linux/eSPDI_source/util/alsa-lib-1.1.6/conftest.c:62: undefined reference to `dlopen'
collect2: error: ld returned 1 exit status
configure:11171: $? = 1
configure: failed program was:
| /* confdefs.h */
| #define PACKAGE_NAME "alsa-lib"
| #define PACKAGE_TARNAME "alsa-lib"
| #define PACKAGE_VERSION "1.1.6"
| #define PACKAGE_STRING "alsa-lib 1.1.6"
| #define PACKAGE_BUGREPORT ""
| #define PACKAGE_URL ""
| #define PACKAGE "alsa-lib"
| #define VERSION "1.1.6"
| #define STDC_HEADERS 1
| #define HAVE_SYS_TYPES_H 1
| #define HAVE_SYS_STAT_H 1
| #define HAVE_STDLIB_H 1
| #define HAVE_STRING_H 1
| #define HAVE_MEMORY_H 1
| #define HAVE_STRINGS_H 1
| #define HAVE_INTTYPES_H 1
| #define HAVE_STDINT_H 1
| #define HAVE_UNISTD_H 1
| #define __EXTENSIONS__ 1
| #define _ALL_SOURCE 1
| #define _GNU_SOURCE 1
| #define _POSIX_PTHREAD_SEMANTICS 1
| #define _TANDEM_SOURCE 1
| #define HAVE_DLFCN_H 1
| #define LT_OBJDIR ".libs/"
| /* end confdefs.h.  */
| /* Define dlopen to an innocuous variant, in case <limits.h> declares dlopen.
|    For example, HP-UX 11i <limits.h> declares gettimeofday.  */
| #define dlopen innocuous_dlopen
| 
| /* System header to define __stub macros and hopefully few prototypes,
|     which can conflict with char dlopen (); below.
|     Prefer <limits.h> to <assert.h> if __STDC__ is defined, since
|     <limits.h> exists even on freestanding compilers.  */
| 
| #ifdef __STDC__
| # include <limits.h>
| #else
| # include <assert.h>
| #endif
| 
| #undef dlopen
| 
| /* Override any GCC internal prototype to avoid an error.
|    Use char because int might match the return type of a GCC
|    builtin and then its argument prototype would still apply.  */
| #ifdef __cplusplus
| extern "C"
| #endif
| char dlopen ();
| /* The GNU C library defines this for functions which it implements
|     to always fail with ENOSYS.  Some functions are actually named
|     something starting with __ and the normal name is an alias.  */
| #if defined __stub_dlopen || defined __stub___dlopen
| choke me
| #endif
| 
| int
| main ()
| {
| return dlopen ();
|   ;
|   return 0;
| }
configure:11171: result: no
configure:11175: checking for dlopen in -ldl
configure:11200: /usr/bin/arm-linux-gnueabi-gcc -o conftest -g -O2   conftest.c -ldl   >&5
configure:11200: $? = 0
configure:11209: result: yes
configure:11328: checking whether a program can dlopen itself
configure:11429: result: cross
configure:11574: checking whether stripping libraries is possible
configure:11579: result: yes
configure:11614: checking if libtool supports shared libraries
configure:11616: result: yes
configure:11619: checking whether to build shared libraries
configure:11640: result: yes
configure:11643: checking whether to build static libraries
configure:11647: result: no
configure:11687: checking for ANSI C header files
configure:11791: result: yes
configure:11802: checking for an ANSI C-conforming const
configure:11868: /usr/bin/arm-linux-gnueabi-gcc -c -g -O2  conftest.c >&5
configure:11868: $? = 0
configure:11875: result: yes
configure:11883: checking for inline
configure:11899: /usr/bin/arm-linux-gnueabi-gcc -c -g -O2  conftest.c >&5
configure:11899: $? = 0
configure:11907: result: inline
configure:11925: checking whether time.h and sys/time.h may both be included
configure:11945: /usr/bin/arm-linux-gnueabi-gcc -c -g -O2  conftest.c >&5
configure:11945: $? = 0
configure:11952: result: yes
configure:11962: checking whether /usr/bin/arm-linux-gnueabi-gcc needs -traditional
configure:11996: result: no
configure:12005: checking for uselocale
configure:12005: /usr/bin/arm-linux-gnueabi-gcc -o conftest -g -O2   conftest.c  >&5
configure:12005: $? = 0
configure:12005: result: yes
configure:12016: checking for library version
configure:12041: result: major 1 minor 1 subminor 6 extrastr  extraver 1000000
configure:12132: checking for versioned symbols
configure:12159: result: yes
configure:12178: checking for symbolic-functions
configure:12197: result: no
configure:12209: checking for custom symbol prefixes
configure:12222: result: 
configure:12225: checking for debug
configure:12236: result: yes
configure:12247: checking for debug assert
configure:12263: result: no
configure:12268: checking for tmpdir
configure:12278: result: /tmp
configure:12286: checking for softfloat
configure:12304: result: no
configure:12313: checking for libdl
configure:12325: checking for dlsym in -ldl
configure:12350: /usr/bin/arm-linux-gnueabi-gcc -o conftest -g -O2   conftest.c -ldl   >&5
configure:12350: $? = 0
configure:12359: result: yes
configure:12384: checking for pthread
configure:12395: checking for pthread_join in -lpthread
configure:12420: /usr/bin/arm-linux-gnueabi-gcc -o conftest -g -O2   conftest.c -lpthread   >&5
configure:12420: $? = 0
configure:12429: result: yes
configure:12447: checking whether PTHREAD_MUTEX_RECURSIVE is declared
configure:12447: /usr/bin/arm-linux-gnueabi-gcc -c -g -O2  conftest.c >&5
configure:12447: $? = 0
configure:12447: result: yes
configure:12457: checking for __thread
configure:12472: /usr/bin/arm-linux-gnueabi-gcc -o conftest -g -O2   conftest.c  >&5
configure:12472: $? = 0
configure:12476: result: yes
configure:12485: checking for librt
configure:12496: checking for clock_gettime in -lrt
configure:12521: /usr/bin/arm-linux-gnueabi-gcc -o conftest -g -O2   conftest.c -lrt   >&5
configure:12521: $? = 0
configure:12530: result: yes
configure:12552: checking for use of wordexp
configure:12578: result: no
configure:12585: checking endian.h usability
configure:12585: /usr/bin/arm-linux-gnueabi-gcc -c -g -O2  conftest.c >&5
configure:12585: $? = 0
configure:12585: result: yes
configure:12585: checking endian.h presence
configure:12585: /usr/bin/arm-linux-gnueabi-gcc -E  conftest.c
configure:12585: $? = 0
configure:12585: result: yes
configure:12585: checking for endian.h
configure:12585: result: yes
configure:12585: checking sys/endian.h usability
configure:12585: /usr/bin/arm-linux-gnueabi-gcc -c -g -O2  conftest.c >&5
conftest.c:78:24: fatal error: sys/endian.h: No such file or directory
compilation terminated.
configure:12585: $? = 1
configure: failed program was:
| /* confdefs.h */
| #define PACKAGE_NAME "alsa-lib"
| #define PACKAGE_TARNAME "alsa-lib"
| #define PACKAGE_VERSION "1.1.6"
| #define PACKAGE_STRING "alsa-lib 1.1.6"
| #define PACKAGE_BUGREPORT ""
| #define PACKAGE_URL ""
| #define PACKAGE "alsa-lib"
| #define VERSION "1.1.6"
| #define STDC_HEADERS 1
| #define HAVE_SYS_TYPES_H 1
| #define HAVE_SYS_STAT_H 1
| #define HAVE_STDLIB_H 1
| #define HAVE_STRING_H 1
| #define HAVE_MEMORY_H 1
| #define HAVE_STRINGS_H 1
| #define HAVE_INTTYPES_H 1
| #define HAVE_STDINT_H 1
| #define HAVE_UNISTD_H 1
| #define __EXTENSIONS__ 1
| #define _ALL_SOURCE 1
| #define _GNU_SOURCE 1
| #define _POSIX_PTHREAD_SEMANTICS 1
| #define _TANDEM_SOURCE 1
| #define HAVE_DLFCN_H 1
| #define LT_OBJDIR ".libs/"
| #define STDC_HEADERS 1
| #define TIME_WITH_SYS_TIME 1
| #define HAVE_USELOCALE 1
| #define VERSION "1.1.6"
| #define ALSA_CONFIG_DIR "/home/michaelwu/HD-DM-Linux-SDK-3.0.22.01/EtronSDK_Linux/eSPDI_source/util/alsa-lib-1.1.6/../../../eSPDI/alsa-release/arm/32-bits/share/alsa"
| #define ALSA_PLUGIN_DIR "/home/michaelwu/HD-DM-Linux-SDK-3.0.22.01/EtronSDK_Linux/eSPDI_source/util/alsa-lib-1.1.6/../../../eSPDI/alsa-release/arm/32-bits/lib/alsa-lib"
| #define ALSA_PKGCONF_DIR "/home/michaelwu/HD-DM-Linux-SDK-3.0.22.01/EtronSDK_Linux/eSPDI_source/util/alsa-lib-1.1.6/../../../eSPDI/alsa-release/arm/32-bits/lib/pkgconfig"
| #define VERSIONED_SYMBOLS /**/
| #define __SYMBOL_PREFIX ""
| #define TMPDIR "/tmp"
| #define HAVE_LIBDL 1
| #define HAVE_LIBPTHREAD 1
| #define HAVE_PTHREAD_MUTEX_RECURSIVE /**/
| #define HAVE___THREAD 1
| #define HAVE_LIBRT 1
| #define HAVE_CLOCK_GETTIME 1
| #define HAVE_ENDIAN_H 1
| /* end confdefs.h.  */
| #include <stdio.h>
| #ifdef HAVE_SYS_TYPES_H
| # include <sys/types.h>
| #endif
| #ifdef HAVE_SYS_STAT_H
| # include <sys/stat.h>
| #endif
| #ifdef STDC_HEADERS
| # include <stdlib.h>
| # include <stddef.h>
| #else
| # ifdef HAVE_STDLIB_H
| #  include <stdlib.h>
| # endif
| #endif
| #ifdef HAVE_STRING_H
| # if !defined STDC_HEADERS && defined HAVE_MEMORY_H
| #  include <memory.h>
| # endif
| # include <string.h>
| #endif
| #ifdef HAVE_STRINGS_H
| # include <strings.h>
| #endif
| #ifdef HAVE_INTTYPES_H
| # include <inttypes.h>
| #endif
| #ifdef HAVE_STDINT_H
| # include <stdint.h>
| #endif
| #ifdef HAVE_UNISTD_H
| # include <unistd.h>
| #endif
| #include <sys/endian.h>
configure:12585: result: no
configure:12585: checking sys/endian.h presence
configure:12585: /usr/bin/arm-linux-gnueabi-gcc -E  conftest.c
conftest.c:45:24: fatal error: sys/endian.h: No such file or directory
compilation terminated.
configure:12585: $? = 1
configure: failed program was:
| /* confdefs.h */
| #define PACKAGE_NAME "alsa-lib"
| #define PACKAGE_TARNAME "alsa-lib"
| #define PACKAGE_VERSION "1.1.6"
| #define PACKAGE_STRING "alsa-lib 1.1.6"
| #define PACKAGE_BUGREPORT ""
| #define PACKAGE_URL ""
| #define PACKAGE "alsa-lib"
| #define VERSION "1.1.6"
| #define STDC_HEADERS 1
| #define HAVE_SYS_TYPES_H 1
| #define HAVE_SYS_STAT_H 1
| #define HAVE_STDLIB_H 1
| #define HAVE_STRING_H 1
| #define HAVE_MEMORY_H 1
| #define HAVE_STRINGS_H 1
| #define HAVE_INTTYPES_H 1
| #define HAVE_STDINT_H 1
| #define HAVE_UNISTD_H 1
| #define __EXTENSIONS__ 1
| #define _ALL_SOURCE 1
| #define _GNU_SOURCE 1
| #define _POSIX_PTHREAD_SEMANTICS 1
| #define _TANDEM_SOURCE 1
| #define HAVE_DLFCN_H 1
| #define LT_OBJDIR ".libs/"
| #define STDC_HEADERS 1
| #define TIME_WITH_SYS_TIME 1
| #define HAVE_USELOCALE 1
| #define VERSION "1.1.6"
| #define ALSA_CONFIG_DIR "/home/michaelwu/HD-DM-Linux-SDK-3.0.22.01/EtronSDK_Linux/eSPDI_source/util/alsa-lib-1.1.6/../../../eSPDI/alsa-release/arm/32-bits/share/alsa"
| #define ALSA_PLUGIN_DIR "/home/michaelwu/HD-DM-Linux-SDK-3.0.22.01/EtronSDK_Linux/eSPDI_source/util/alsa-lib-1.1.6/../../../eSPDI/alsa-release/arm/32-bits/lib/alsa-lib"
| #define ALSA_PKGCONF_DIR "/home/michaelwu/HD-DM-Linux-SDK-3.0.22.01/EtronSDK_Linux/eSPDI_source/util/alsa-lib-1.1.6/../../../eSPDI/alsa-release/arm/32-bits/lib/pkgconfig"
| #define VERSIONED_SYMBOLS /**/
| #define __SYMBOL_PREFIX ""
| #define TMPDIR "/tmp"
| #define HAVE_LIBDL 1
| #define HAVE_LIBPTHREAD 1
| #define HAVE_PTHREAD_MUTEX_RECURSIVE /**/
| #define HAVE___THREAD 1
| #define HAVE_LIBRT 1
| #define HAVE_CLOCK_GETTIME 1
| #define HAVE_ENDIAN_H 1
| /* end confdefs.h.  */
| #include <sys/endian.h>
configure:12585: result: no
configure:12585: checking for sys/endian.h
configure:12585: result: no
configure:12585: checking sys/shm.h usability
configure:12585: /usr/bin/arm-linux-gnueabi-gcc -c -g -O2  conftest.c >&5
configure:12585: $? = 0
configure:12585: result: yes
configure:12585: checking sys/shm.h presence
configure:12585: /usr/bin/arm-linux-gnueabi-gcc -E  conftest.c
configure:12585: $? = 0
configure:12585: result: yes
configure:12585: checking for sys/shm.h
configure:12585: result: yes
configure:12596: checking for resmgr support
configure:12605: result: no
configure:12660: checking for aload* support
configure:12669: result: yes
configure:12677: checking for ALSA device file directory
configure:12695: result: /dev/snd/
configure:12698: checking for aload* device file directory
configure:12716: result: /dev/
configure:13000: checking whether GCC supports builtin atomic intrinsics
configure:13018: /usr/bin/arm-linux-gnueabi-gcc -o conftest -g -O2   conftest.c  >&5
configure:13018: $? = 0
configure:13026: result: yes
configure:13416: checking for max number of cards
configure:13426: result: 32
configure:13441: checking for thread-safe API functions
configure:13451: result: yes
configure:13579: checking that generated files are newer than configure
configure:13585: result: done
configure:13796: creating ./config.status

## ---------------------- ##
## Running config.status. ##
## ---------------------- ##

This file was extended by alsa-lib config.status 1.1.6, which was
generated by GNU Autoconf 2.69.  Invocation command line was

  CONFIG_FILES    = 
  CONFIG_HEADERS  = 
  CONFIG_LINKS    = 
  CONFIG_COMMANDS = 
  $ ./config.status 

on michaelwu

config.status:1290: creating Makefile
config.status:1290: creating doc/Makefile
config.status:1290: creating doc/pictures/Makefile
config.status:1290: creating doc/doxygen.cfg
config.status:1290: creating include/Makefile
config.status:1290: creating include/sound/Makefile
config.status:1290: creating src/Versions
config.status:1290: creating src/Makefile
config.status:1290: creating src/control/Makefile
config.status:1290: creating src/mixer/Makefile
config.status:1290: creating src/pcm/Makefile
config.status:1290: creating src/pcm/scopes/Makefile
config.status:1290: creating src/rawmidi/Makefile
config.status:1290: creating src/timer/Makefile
config.status:1290: creating src/hwdep/Makefile
config.status:1290: creating src/seq/Makefile
config.status:1290: creating src/ucm/Makefile
config.status:1290: creating src/alisp/Makefile
config.status:1290: creating src/topology/Makefile
config.status:1290: creating src/conf/Makefile
config.status:1290: creating src/conf/alsa.conf.d/Makefile
config.status:1290: creating src/conf/cards/Makefile
config.status:1290: creating src/conf/pcm/Makefile
config.status:1290: creating src/conf/ucm/Makefile
config.status:1290: creating src/conf/ucm/broadwell-rt286/Makefile
config.status:1290: creating src/conf/ucm/broxton-rt298/Makefile
config.status:1290: creating src/conf/ucm/bytcr-rt5651/Makefile
config.status:1290: creating src/conf/ucm/chtrt5645/Makefile
config.status:1290: creating src/conf/ucm/chtrt5645-mono-speaker-analog-mic/Makefile
config.status:1290: creating src/conf/ucm/DAISY-I2S/Makefile
config.status:1290: creating src/conf/ucm/DB410c/Makefile
config.status:1290: creating src/conf/ucm/GoogleNyan/Makefile
config.status:1290: creating src/conf/ucm/gpd-win-pocket-rt5645/Makefile
config.status:1290: creating src/conf/ucm/HDAudio-Gigabyte-ALC1220DualCodecs/Makefile
config.status:1290: creating src/conf/ucm/HDAudio-Lenovo-DualCodecs/Makefile
config.status:1290: creating src/conf/ucm/PandaBoard/Makefile
config.status:1290: creating src/conf/ucm/PandaBoardES/Makefile
config.status:1290: creating src/conf/ucm/PAZ00/Makefile
config.status:1290: creating src/conf/ucm/SDP4430/Makefile
config.status:1290: creating src/conf/ucm/skylake-rt286/Makefile
config.status:1290: creating src/conf/ucm/TECLAST-X80Pro-Defaultstring-CherryTrailCR/Makefile
config.status:1290: creating src/conf/ucm/tegraalc5632/Makefile
config.status:1290: creating src/conf/ucm/VEYRON-I2S/Makefile
config.status:1290: creating src/conf/topology/Makefile
config.status:1290: creating src/conf/topology/broadwell/Makefile
config.status:1290: creating modules/Makefile
config.status:1290: creating modules/mixer/Makefile
config.status:1290: creating modules/mixer/simple/Makefile
config.status:1290: creating src/conf/topology/sklrt286/Makefile
config.status:1290: creating src/conf/topology/bxtrt298/Makefile
config.status:1290: creating alsalisp/Makefile
config.status:1290: creating aserver/Makefile
config.status:1290: creating test/Makefile
config.status:1290: creating test/lsb/Makefile
config.status:1290: creating utils/Makefile
config.status:1290: creating utils/alsa-lib.spec
config.status:1290: creating utils/alsa.pc
config.status:1290: creating include/config.h
config.status:1471: include/config.h is unchanged
config.status:1519: executing depfiles commands
config.status:1519: executing libtool commands

## ---------------- ##
## Cache variables. ##
## ---------------- ##

ac_cv_build=x86_64-unknown-linux-gnu
ac_cv_c_compiler_gnu=yes
ac_cv_c_const=yes
ac_cv_c_inline=inline
ac_cv_env_CC_set=set
ac_cv_env_CC_value=/usr/bin/arm-linux-gnueabi-gcc
ac_cv_env_CFLAGS_set=
ac_cv_env_CFLAGS_value=
ac_cv_env_CPPFLAGS_set=
ac_cv_env_CPPFLAGS_value=
ac_cv_env_CPP_set=
ac_cv_env_CPP_value=
ac_cv_env_LDFLAGS_set=
ac_cv_env_LDFLAGS_value=
ac_cv_env_LIBS_set=
ac_cv_env_LIBS_value=
ac_cv_env_build_alias_set=
ac_cv_env_build_alias_value=
ac_cv_env_host_alias_set=set
ac_cv_env_host_alias_value=arm-unknown-linux-gnueabi
ac_cv_env_target_alias_set=set
ac_cv_env_target_alias_value=arm-unknown-linux-gnueabi
ac_cv_func_dlopen=no
ac_cv_func_shl_load=no
ac_cv_func_uselocale=yes
ac_cv_have_decl_PTHREAD_MUTEX_RECURSIVE=yes
ac_cv_header_dlfcn_h=yes
ac_cv_header_endian_h=yes
ac_cv_header_inttypes_h=yes
ac_cv_header_memory_h=yes
ac_cv_header_minix_config_h=no
ac_cv_header_stdc=yes
ac_cv_header_stdint_h=yes
ac_cv_header_stdlib_h=yes
ac_cv_header_string_h=yes
ac_cv_header_strings_h=yes
ac_cv_header_sys_endian_h=no
ac_cv_header_sys_shm_h=yes
ac_cv_header_sys_stat_h=yes
ac_cv_header_sys_types_h=yes
ac_cv_header_time=yes
ac_cv_header_unistd_h=yes
ac_cv_host=arm-unknown-linux-gnueabi
ac_cv_lib_dl_dlopen=yes
ac_cv_lib_dl_dlsym=yes
ac_cv_lib_dld_shl_load=no
ac_cv_lib_pthread_pthread_join=yes
ac_cv_lib_rt_clock_gettime=yes
ac_cv_objext=o
ac_cv_path_EGREP='/bin/grep -E'
ac_cv_path_FGREP='/bin/grep -F'
ac_cv_path_GREP=/bin/grep
ac_cv_path_SED=/bin/sed
ac_cv_path_install='/usr/bin/install -c'
ac_cv_path_mkdir=/bin/mkdir
ac_cv_prog_AWK=mawk
ac_cv_prog_CC=/usr/bin/arm-linux-gnueabi-gcc
ac_cv_prog_CPP='/usr/bin/arm-linux-gnueabi-gcc -E'
ac_cv_prog_STRIP=strip
ac_cv_prog_ac_ct_AR=ar
ac_cv_prog_ac_ct_DUMPBIN='link -dump'
ac_cv_prog_ac_ct_MANIFEST_TOOL=mt
ac_cv_prog_ac_ct_OBJDUMP=objdump
ac_cv_prog_ac_ct_RANLIB=ranlib
ac_cv_prog_ac_ct_STRIP=strip
ac_cv_prog_cc_c89=
ac_cv_prog_cc_g=yes
ac_cv_prog_gcc_traditional=no
ac_cv_prog_make_make_set=yes
ac_cv_safe_to_define___extensions__=yes
am_cv_CC_dependencies_compiler_type=gcc3
am_cv_make_support_nested_variables=yes
lt_cv_ar_at_file=@
lt_cv_archive_cmds_need_lc=no
lt_cv_deplibs_check_method=pass_all
lt_cv_dlopen=dlopen
lt_cv_dlopen_libs=-ldl
lt_cv_dlopen_self=cross
lt_cv_file_magic_cmd='$MAGIC_CMD'
lt_cv_file_magic_test_file=
lt_cv_ld_reload_flag=-r
lt_cv_nm_interface='BSD nm'
lt_cv_objdir=.libs
lt_cv_path_LD=/usr/arm-linux-gnueabi/bin/ld
lt_cv_path_NM=no
lt_cv_path_mainfest_tool=no
lt_cv_prog_compiler_c_o=yes
lt_cv_prog_compiler_pic='-fPIC -DPIC'
lt_cv_prog_compiler_pic_works=yes
lt_cv_prog_compiler_rtti_exceptions=no
lt_cv_prog_compiler_static_works=yes
lt_cv_prog_gnu_ld=yes
lt_cv_sharedlib_from_linklib_cmd='printf %s\n'
lt_cv_shlibpath_overrides_runpath=no
lt_cv_sys_global_symbol_pipe='sed -n -e '\''s/^.*[	 ]\([ABCDGIRSTW][ABCDGIRSTW]*\)[	 ][	 ]*\([_A-Za-z][_A-Za-z0-9]*\)$/\1 \2 \2/p'\'' | sed '\''/ __gnu_lto/d'\'''
lt_cv_sys_global_symbol_to_c_name_address='sed -n -e '\''s/^: \([^ ]*\)[ ]*$/  {\"\1\", (void *) 0},/p'\'' -e '\''s/^[ABCDGIRSTW]* \([^ ]*\) \([^ ]*\)$/  {"\2", (void *) \&\2},/p'\'''
lt_cv_sys_global_symbol_to_c_name_address_lib_prefix='sed -n -e '\''s/^: \([^ ]*\)[ ]*$/  {\"\1\", (void *) 0},/p'\'' -e '\''s/^[ABCDGIRSTW]* \([^ ]*\) \(lib[^ ]*\)$/  {"\2", (void *) \&\2},/p'\'' -e '\''s/^[ABCDGIRSTW]* \([^ ]*\) \([^ ]*\)$/  {"lib\2", (void *) \&\2},/p'\'''
lt_cv_sys_global_symbol_to_cdecl='sed -n -e '\''s/^T .* \(.*\)$/extern int \1();/p'\'' -e '\''s/^[ABCDGIRSTW]* .* \(.*\)$/extern char \1;/p'\'''
lt_cv_sys_max_cmd_len=1572864
lt_cv_to_host_file_cmd=func_convert_file_noop
lt_cv_to_tool_file_cmd=func_convert_file_noop

## ----------------- ##
## Output variables. ##
## ----------------- ##

ACLOCAL='${SHELL} /home/michaelwu/HD-DM-Linux-SDK-3.0.22.01/EtronSDK_Linux/eSPDI_source/util/alsa-lib-1.1.6/missing --run aclocal-1.12'
ALSA_CONFIG_DIR='/home/michaelwu/HD-DM-Linux-SDK-3.0.22.01/EtronSDK_Linux/eSPDI_source/util/alsa-lib-1.1.6/../../../eSPDI/alsa-release/arm/32-bits/share/alsa'
ALSA_DEPLIBS='-lm -ldl -lpthread -lrt'
ALSA_PKGCONF_DIR='/home/michaelwu/HD-DM-Linux-SDK-3.0.22.01/EtronSDK_Linux/eSPDI_source/util/alsa-lib-1.1.6/../../../eSPDI/alsa-release/arm/32-bits/lib/pkgconfig'
ALSA_PLUGIN_DIR='/home/michaelwu/HD-DM-Linux-SDK-3.0.22.01/EtronSDK_Linux/eSPDI_source/util/alsa-lib-1.1.6/../../../eSPDI/alsa-release/arm/32-bits/lib/alsa-lib'
AMDEPBACKSLASH='\'
AMDEP_FALSE='#'
AMDEP_TRUE=''
AMTAR='$${TAR-tar}'
AM_BACKSLASH='\'
AM_DEFAULT_V='$(AM_DEFAULT_VERBOSITY)'
AM_DEFAULT_VERBOSITY='0'
AM_V='$(V)'
AR='ar'
AUTOCONF='${SHELL} /home/michaelwu/HD-DM-Linux-SDK-3.0.22.01/EtronSDK_Linux/eSPDI_source/util/alsa-lib-1.1.6/missing --run autoconf'
AUTOHEADER='${SHELL} /home/michaelwu/HD-DM-Linux-SDK-3.0.22.01/EtronSDK_Linux/eSPDI_source/util/alsa-lib-1.1.6/missing --run autoheader'
AUTOMAKE='${SHELL} /home/michaelwu/HD-DM-Linux-SDK-3.0.22.01/EtronSDK_Linux/eSPDI_source/util/alsa-lib-1.1.6/missing --run automake-1.12'
AWK='mawk'
BUILD_ALISP_FALSE=''
BUILD_ALISP_TRUE='#'
BUILD_CTL_PLUGIN_EXT_FALSE='#'
BUILD_CTL_PLUGIN_EXT_TRUE=''
BUILD_CTL_PLUGIN_FALSE='#'
BUILD_CTL_PLUGIN_SHM_FALSE='#'
BUILD_CTL_PLUGIN_SHM_TRUE=''
BUILD_CTL_PLUGIN_TRUE=''
BUILD_HWDEP_FALSE='#'
BUILD_HWDEP_TRUE=''
BUILD_MIXER_FALSE='#'
BUILD_MIXER_MODULES_FALSE=''
BUILD_MIXER_MODULES_TRUE='#'
BUILD_MIXER_PYMODULES_FALSE=''
BUILD_MIXER_PYMODULES_TRUE='#'
BUILD_MIXER_TRUE=''
BUILD_MODULES_FALSE='#'
BUILD_MODULES_TRUE=''
BUILD_PCM_FALSE='#'
BUILD_PCM_PLUGIN_ADPCM_FALSE='#'
BUILD_PCM_PLUGIN_ADPCM_TRUE=''
BUILD_PCM_PLUGIN_ALAW_FALSE='#'
BUILD_PCM_PLUGIN_ALAW_TRUE=''
BUILD_PCM_PLUGIN_ASYM_FALSE='#'
BUILD_PCM_PLUGIN_ASYM_TRUE=''
BUILD_PCM_PLUGIN_COPY_FALSE='#'
BUILD_PCM_PLUGIN_COPY_TRUE=''
BUILD_PCM_PLUGIN_DMIX_FALSE='#'
BUILD_PCM_PLUGIN_DMIX_TRUE=''
BUILD_PCM_PLUGIN_DSHARE_FALSE='#'
BUILD_PCM_PLUGIN_DSHARE_TRUE=''
BUILD_PCM_PLUGIN_DSNOOP_FALSE='#'
BUILD_PCM_PLUGIN_DSNOOP_TRUE=''
BUILD_PCM_PLUGIN_EMPTY_FALSE='#'
BUILD_PCM_PLUGIN_EMPTY_TRUE=''
BUILD_PCM_PLUGIN_EXTPLUG_FALSE='#'
BUILD_PCM_PLUGIN_EXTPLUG_TRUE=''
BUILD_PCM_PLUGIN_FALSE='#'
BUILD_PCM_PLUGIN_FILE_FALSE='#'
BUILD_PCM_PLUGIN_FILE_TRUE=''
BUILD_PCM_PLUGIN_HOOKS_FALSE='#'
BUILD_PCM_PLUGIN_HOOKS_TRUE=''
BUILD_PCM_PLUGIN_IEC958_FALSE='#'
BUILD_PCM_PLUGIN_IEC958_TRUE=''
BUILD_PCM_PLUGIN_IOPLUG_FALSE='#'
BUILD_PCM_PLUGIN_IOPLUG_TRUE=''
BUILD_PCM_PLUGIN_LADSPA_FALSE='#'
BUILD_PCM_PLUGIN_LADSPA_TRUE=''
BUILD_PCM_PLUGIN_LFLOAT_FALSE='#'
BUILD_PCM_PLUGIN_LFLOAT_TRUE=''
BUILD_PCM_PLUGIN_LINEAR_FALSE='#'
BUILD_PCM_PLUGIN_LINEAR_TRUE=''
BUILD_PCM_PLUGIN_METER_FALSE='#'
BUILD_PCM_PLUGIN_METER_TRUE=''
BUILD_PCM_PLUGIN_MMAP_EMUL_FALSE='#'
BUILD_PCM_PLUGIN_MMAP_EMUL_TRUE=''
BUILD_PCM_PLUGIN_MULAW_FALSE='#'
BUILD_PCM_PLUGIN_MULAW_TRUE=''
BUILD_PCM_PLUGIN_MULTI_FALSE='#'
BUILD_PCM_PLUGIN_MULTI_TRUE=''
BUILD_PCM_PLUGIN_NULL_FALSE='#'
BUILD_PCM_PLUGIN_NULL_TRUE=''
BUILD_PCM_PLUGIN_PLUG_FALSE='#'
BUILD_PCM_PLUGIN_PLUG_TRUE=''
BUILD_PCM_PLUGIN_RATE_FALSE='#'
BUILD_PCM_PLUGIN_RATE_TRUE=''
BUILD_PCM_PLUGIN_ROUTE_FALSE='#'
BUILD_PCM_PLUGIN_ROUTE_TRUE=''
BUILD_PCM_PLUGIN_SHARE_FALSE='#'
BUILD_PCM_PLUGIN_SHARE_TRUE=''
BUILD_PCM_PLUGIN_SHM_FALSE='#'
BUILD_PCM_PLUGIN_SHM_TRUE=''
BUILD_PCM_PLUGIN_SOFTVOL_FALSE='#'
BUILD_PCM_PLUGIN_SOFTVOL_TRUE=''
BUILD_PCM_PLUGIN_TRUE=''
BUILD_PCM_TRUE=''
BUILD_RAWMIDI_FALSE='#'
BUILD_RAWMIDI_TRUE=''
BUILD_SEQ_FALSE='#'
BUILD_SEQ_TRUE=''
BUILD_TOPOLOGY_FALSE='#'
BUILD_TOPOLOGY_TRUE=''
BUILD_UCM_FALSE='#'
BUILD_UCM_TRUE=''
CC='/usr/bin/arm-linux-gnueabi-gcc'
CCDEPMODE='depmode=gcc3'
CFLAGS='-g -O2'
CPP='/usr/bin/arm-linux-gnueabi-gcc -E'
CPPFLAGS=''
CYGPATH_W='echo'
DEFS='-DHAVE_CONFIG_H'
DEPDIR='.deps'
DLLTOOL='false'
DSYMUTIL=''
DUMPBIN=':'
ECHO_C=''
ECHO_N='-n'
ECHO_T=''
EGREP='/bin/grep -E'
EXEEXT=''
FGREP='/bin/grep -F'
GREP='/bin/grep'
INSTALL_DATA='${INSTALL} -m 644'
INSTALL_M4_FALSE='#'
INSTALL_M4_TRUE=''
INSTALL_PROGRAM='${INSTALL}'
INSTALL_SCRIPT='${INSTALL}'
INSTALL_STRIP_PROGRAM='$(install_sh) -c -s'
KEEP_OLD_SYMBOLS_FALSE='#'
KEEP_OLD_SYMBOLS_TRUE=''
LD='/usr/arm-linux-gnueabi/bin/ld'
LDFLAGS=''
LIBOBJS=''
LIBS=''
LIBTOOL='$(SHELL) $(top_builddir)/libtool'
LIBTOOL_VERSION_INFO='2:0:0'
LIPO=''
LN_S='ln -s'
LTLIBOBJS=''
MAINT=''
MAINTAINER_MODE_FALSE='#'
MAINTAINER_MODE_TRUE=''
MAKEINFO='${SHELL} /home/michaelwu/HD-DM-Linux-SDK-3.0.22.01/EtronSDK_Linux/eSPDI_source/util/alsa-lib-1.1.6/missing --run makeinfo'
MANIFEST_TOOL=':'
MKDIR_P='/bin/mkdir -p'
NM='nm'
NMEDIT=''
OBJDUMP='objdump'
OBJEXT='o'
OTOOL64=''
OTOOL=''
PACKAGE='alsa-lib'
PACKAGE_BUGREPORT=''
PACKAGE_NAME='alsa-lib'
PACKAGE_STRING='alsa-lib 1.1.6'
PACKAGE_TARNAME='alsa-lib'
PACKAGE_URL=''
PACKAGE_VERSION='1.1.6'
PATH_SEPARATOR=':'
PYTHON_INCLUDES=''
PYTHON_LIBS=''
RANLIB='ranlib'
SED='/bin/sed'
SET_MAKE=''
SHELL='/bin/bash'
SND_LIB_EXTRAVER='1000000'
SND_LIB_MAJOR='1'
SND_LIB_MINOR='1'
SND_LIB_SUBMINOR='6'
SND_LIB_VERSION='1.1.6'
STRIP='strip'
SYMBOLIC_FUNCTIONS_FALSE=''
SYMBOLIC_FUNCTIONS_TRUE='#'
SYMBOL_PREFIX=''
VERSION='1.1.6'
VERSIONED_SYMBOLS_FALSE='#'
VERSIONED_SYMBOLS_TRUE=''
ac_ct_AR='ar'
ac_ct_CC=''
ac_ct_DUMPBIN='link -dump'
am__EXEEXT_FALSE=''
am__EXEEXT_TRUE='#'
am__fastdepCC_FALSE='#'
am__fastdepCC_TRUE=''
am__include='include'
am__isrc=''
am__leading_dot='.'
am__nodep='_no'
am__quote=''
am__tar='$${TAR-tar} chof - "$$tardir"'
am__untar='$${TAR-tar} xf -'
bindir='${exec_prefix}/bin'
build='x86_64-unknown-linux-gnu'
build_alias=''
build_cpu='x86_64'
build_os='linux-gnu'
build_vendor='unknown'
datadir='${datarootdir}'
datarootdir='${prefix}/share'
docdir='${datarootdir}/doc/${PACKAGE_TARNAME}'
dvidir='${docdir}'
exec_prefix='/home/michaelwu/HD-DM-Linux-SDK-3.0.22.01/EtronSDK_Linux/eSPDI_source/util/alsa-lib-1.1.6/../../../eSPDI/alsa-release/arm/32-bits'
host='arm-unknown-linux-gnueabi'
host_alias='arm-unknown-linux-gnueabi'
host_cpu='arm'
host_os='linux-gnueabi'
host_vendor='unknown'
htmldir='${docdir}'
includedir='${prefix}/include'
infodir='${datarootdir}/info'
install_sh='${SHELL} /home/michaelwu/HD-DM-Linux-SDK-3.0.22.01/EtronSDK_Linux/eSPDI_source/util/alsa-lib-1.1.6/install-sh'
libdir='${exec_prefix}/lib'
libexecdir='${exec_prefix}/libexec'
localedir='${datarootdir}/locale'
localstatedir='${prefix}/var'
mandir='${datarootdir}/man'
mkdir_p='$(MKDIR_P)'
oldincludedir='/usr/include'
pdfdir='${docdir}'
prefix='/home/michaelwu/HD-DM-Linux-SDK-3.0.22.01/EtronSDK_Linux/eSPDI_source/util/alsa-lib-1.1.6/../../../eSPDI/alsa-release/arm/32-bits'
program_transform_name='s,x,x,'
psdir='${docdir}'
runstatedir='${localstatedir}/run'
sbindir='${exec_prefix}/sbin'
sharedstatedir='${prefix}/com'
sysconfdir='${prefix}/etc'
target_alias='arm-unknown-linux-gnueabi'

## ----------- ##
## confdefs.h. ##
## ----------- ##

/* confdefs.h */
#define PACKAGE_NAME "alsa-lib"
#define PACKAGE_TARNAME "alsa-lib"
#define PACKAGE_VERSION "1.1.6"
#define PACKAGE_STRING "alsa-lib 1.1.6"
#define PACKAGE_BUGREPORT ""
#define PACKAGE_URL ""
#define PACKAGE "alsa-lib"
#define VERSION "1.1.6"
#define STDC_HEADERS 1
#define HAVE_SYS_TYPES_H 1
#define HAVE_SYS_STAT_H 1
#define HAVE_STDLIB_H 1
#define HAVE_STRING_H 1
#define HAVE_MEMORY_H 1
#define HAVE_STRINGS_H 1
#define HAVE_INTTYPES_H 1
#define HAVE_STDINT_H 1
#define HAVE_UNISTD_H 1
#define __EXTENSIONS__ 1
#define _ALL_SOURCE 1
#define _GNU_SOURCE 1
#define _POSIX_PTHREAD_SEMANTICS 1
#define _TANDEM_SOURCE 1
#define HAVE_DLFCN_H 1
#define LT_OBJDIR ".libs/"
#define STDC_HEADERS 1
#define TIME_WITH_SYS_TIME 1
#define HAVE_USELOCALE 1
#define VERSION "1.1.6"
#define ALSA_CONFIG_DIR "/home/michaelwu/HD-DM-Linux-SDK-3.0.22.01/EtronSDK_Linux/eSPDI_source/util/alsa-lib-1.1.6/../../../eSPDI/alsa-release/arm/32-bits/share/alsa"
#define ALSA_PLUGIN_DIR "/home/michaelwu/HD-DM-Linux-SDK-3.0.22.01/EtronSDK_Linux/eSPDI_source/util/alsa-lib-1.1.6/../../../eSPDI/alsa-release/arm/32-bits/lib/alsa-lib"
#define ALSA_PKGCONF_DIR "/home/michaelwu/HD-DM-Linux-SDK-3.0.22.01/EtronSDK_Linux/eSPDI_source/util/alsa-lib-1.1.6/../../../eSPDI/alsa-release/arm/32-bits/lib/pkgconfig"
#define VERSIONED_SYMBOLS /**/
#define __SYMBOL_PREFIX ""
#define TMPDIR "/tmp"
#define HAVE_LIBDL 1
#define HAVE_LIBPTHREAD 1
#define HAVE_PTHREAD_MUTEX_RECURSIVE /**/
#define HAVE___THREAD 1
#define HAVE_LIBRT 1
#define HAVE_CLOCK_GETTIME 1
#define HAVE_ENDIAN_H 1
#define HAVE_SYS_SHM_H 1
#define SUPPORT_ALOAD "1"
#define ALSA_DEVICE_DIRECTORY "/dev/snd/"
#define ALOAD_DEVICE_DIRECTORY "/dev/"
#define BUILD_MIXER "1"
#define BUILD_PCM "1"
#define BUILD_RAWMIDI "1"
#define BUILD_HWDEP "1"
#define BUILD_SEQ "1"
#define BUILD_UCM "1"
#define BUILD_TOPOLOGY "1"
#define BUILD_PCM_PLUGIN_RATE "1"
#define BUILD_PCM_PLUGIN_ROUTE "1"
#define BUILD_PCM_PLUGIN_LFLOAT "1"
#define BUILD_PCM_PLUGIN_ADPCM "1"
#define BUILD_PCM_PLUGIN_MULAW "1"
#define BUILD_PCM_PLUGIN_ALAW "1"
#define BUILD_PCM_PLUGIN_MMAP_EMUL "1"
#define SND_MAX_CARDS 32
#define THREAD_SAFE_API "1"

configure: exit 0
